
1393022330442	ErinnBot!PircBotX@833a3ead.dynamic2.6ca6e876.edu.hmsk	Joined
1393022384750	ErinnBot!PircBotX@833a3ead.dynamic2.6ca6e876.edu.hmsk	Joined
1393022413445	ErinnBot!PircBotX@833a3ead.dynamic2.6ca6e876.edu.hmsk	Joined
1393022578246	ErinnBot!PircBotX@833a3ead.dynamic2.6ca6e876.edu.hmsk	Joined
1393022608761	trancebot!trancebot1@73942cf4.dhcp.gwnt.ga.4e125616.com.hmsk	hi
1393022660586	ErinnBot!PircBotX@833a3ead.dynamic2.6ca6e876.edu.hmsk	Joined
1393022748933	ErinnBot!PircBotX@833a3ead.dynamic2.6ca6e876.edu.hmsk	Joined
1393022807984	ErinnBot!PircBotX@833a3ead.dynamic2.6ca6e876.edu.hmsk	Joined
1393023035378	\{^_^}{T}!erinn@baa8a829.dynamic2.6ca6e876.edu.hmsk	Joined
1393023071831	trancebot!trancebot1@73942cf4.dhcp.gwnt.ga.4e125616.com.hmsk	Parted: 
1394039646431	ErinnBot!PircBotX@833a3ead.dynamic2.6ca6e876.edu.hmsk	Joined
1394039646712	GLaDOS!GLaDOS@services.sorcery.net!@	Erinn's room: A wonderful place for anyone to join and be friendly with everyone :D
1394039686518	erinn!erinn@d97e0ef9.dynamic.6ca6e876.edu.hmsk	Hi autumn
1394039700068	autumn-rose{LBH}!bonesbot@698ece1e.1-4.cable.3dc7fbcb.net.hmsk	Parted: 
1394039708916	erinn!erinn@d97e0ef9.dynamic.6ca6e876.edu.hmsk	What is everyone doing here?
1394039719341	LadyBlackheart!Hellena@Witches.chant.chant.chant	we are here  to talk to you erinn 
1394039743458	LadyBlackheart!Hellena@Witches.chant.chant.chant	Trigger is concerned
1394039763511	LadyBlackheart!Hellena@Witches.chant.chant.chant	heis not alone in this concern 
1394039801691	LadyBlackheart!Hellena@Witches.chant.chant.chant	and for this reason 
1394039807872	LadyBlackheart!Hellena@Witches.chant.chant.chant	we have decided to calla n truce 
1394039818284	LadyBlackheart!Hellena@Witches.chant.chant.chant	for the time being at least  before i leave the server 
1394039840243	LadyBlackheart!Hellena@Witches.chant.chant.chant	in the hope that we may yet save  one soul  from  those that would do us harm 
1394039865166	erinn!erinn@d97e0ef9.dynamic.6ca6e876.edu.hmsk	I don't need to be saved
1394039874780	LadyBlackheart!Hellena@Witches.chant.chant.chant	really?
1394039894441	LadyBlackheart!Hellena@Witches.chant.chant.chant	your mistress has saved you already perhaps ?
1394039901487	LadyBlackheart!Hellena@Witches.chant.chant.chant	a little BLISS  
1394039902148	erinn!erinn@d97e0ef9.dynamic.6ca6e876.edu.hmsk	Really, trigg is just paranoid
1394039904780	LadyBlackheart!Hellena@Witches.chant.chant.chant	so soft and calm ?
1394039916657	erinn!erinn@d97e0ef9.dynamic.6ca6e876.edu.hmsk	I have no mistress
1394039930447	LadyBlackheart!Hellena@Witches.chant.chant.chant	we know this .  he managed to destroy  my  enjoyment of other rooms not connected with this incident..   
1394039944320	erinn!erinn@d97e0ef9.dynamic.6ca6e876.edu.hmsk	Who is "he"?
1394039959618	erinn!erinn@d97e0ef9.dynamic.6ca6e876.edu.hmsk	And what incident
1394039966956	erinn!erinn@d97e0ef9.dynamic.6ca6e876.edu.hmsk	Who are you?
1394040049223	erinn!erinn@d97e0ef9.dynamic.6ca6e876.edu.hmsk	What is "this incident"?
1394040074655	LadyBlackheart!Hellena@Witches.chant.chant.chant	your discusson with willow 
1394040099799	LadyBlackheart!Hellena@Witches.chant.chant.chant	though his  problem started  last year 
1394040112300	LadyBlackheart!Hellena@Witches.chant.chant.chant	and yours .   seems to stem from that  break of our two rooms  
1394040155028	erinn!erinn@d97e0ef9.dynamic.6ca6e876.edu.hmsk	What's the problem?
1394040191207	LadyBlackheart!Hellena@Witches.chant.chant.chant	apart from you two  managing to destroy my  time  in here   and the fact i now have to  remove ,my house and the  collar sin there  breaking several hearts int he prcess 
1394040215286	erinn!erinn@d97e0ef9.dynamic.6ca6e876.edu.hmsk	What have I done?
1394040217891	LadyBlackheart!Hellena@Witches.chant.chant.chant	trigger seems to think  you are under the control of another who is herself  under an  phy attack in bondage 
1394040239342	erinn!erinn@d97e0ef9.dynamic.6ca6e876.edu.hmsk	Trigger is delusional
1394040246807	Trigger!Mibbit@73942cf4.dhcp.gwnt.ga.4e125616.com.hmsk	am I?
1394040324768	erinn!erinn@d97e0ef9.dynamic.6ca6e876.edu.hmsk	Yea, you accuse me of things that aren't true and you won't listen to reason
1394040342323	LadyBlackheart!Hellena@Witches.chant.chant.chant	sounds earliy familiar
1394040361628	Trigger!Mibbit@73942cf4.dhcp.gwnt.ga.4e125616.com.hmsk	erinn.. You have changed drastically.. something is not allowing you to address conversations correctly.
1394040386049	erinn!erinn@d97e0ef9.dynamic.6ca6e876.edu.hmsk	See, perfect example :P 
1394040417012	erinn!erinn@d97e0ef9.dynamic.6ca6e876.edu.hmsk	You have no basis for that assertion
1394040484374	Trigger!Mibbit@73942cf4.dhcp.gwnt.ga.4e125616.com.hmsk	I do. You have demonstrated many times during the last few days. Such as with teh talk with Aradia the otehr day. You coudnt even think straight enough to remember what she told you a few moments ago
1394040550834	Trigger!Mibbit@73942cf4.dhcp.gwnt.ga.4e125616.com.hmsk	When I ask you simple and direct questions, without any demands.. you are unable to answer
1394040565876	erinn!erinn@d97e0ef9.dynamic.6ca6e876.edu.hmsk	That's not true
1394040566489	Trigger!Mibbit@73942cf4.dhcp.gwnt.ga.4e125616.com.hmsk	You seem to have amental block to discussing certain things
1394040586323	Trigger!Mibbit@73942cf4.dhcp.gwnt.ga.4e125616.com.hmsk	That is true. Aradia got exasperated with you for not even remebering
1394040665508	erinn!erinn@d97e0ef9.dynamic.6ca6e876.edu.hmsk	Care to post the logs then?
1394040668930	Trigger!Mibbit@73942cf4.dhcp.gwnt.ga.4e125616.com.hmsk	I cannot seem to communicate with you an a normal level erinn
1394040689752	Trigger!Mibbit@73942cf4.dhcp.gwnt.ga.4e125616.com.hmsk	I f you wish me to find them, then I will. 
1394040699602	erinn!erinn@d97e0ef9.dynamic.6ca6e876.edu.hmsk	Yes, I would
1394040782984	Trigger!Mibbit@73942cf4.dhcp.gwnt.ga.4e125616.com.hmsk	[23:24] <@Trigger{V}> omg.. erinn, you really are having a hard time following conversations lately, and that is not like you. Whats going on? [23:25] <@erinn> Lol, what? [23:25] <@erinn> I don't see the probl [23:25] <@erinn> Em [23:28] * @erinn hugs [23:29] <@Trigger{V}> so whats this bloody hint? [23:29] * @erinn shrugs
1394040816993	Trigger!Mibbit@73942cf4.dhcp.gwnt.ga.4e125616.com.hmsk	[23:29] * @erinn shrugs [23:30] <@erinn> I don't know exactly what she wants [23:31] <@Trigger{V}> then why cant you even tellme the hint? [23:31] <@erinn> What hint? [23:32] <@Trigger{V}> Aradia	I just have Erinn the answer but she can only give you one clue to what it is [23:32] <@erinn>  How can I give you a hint if I don't know the answer? [23:32] <@Trigg
1394040819340	erinn!erinn@d97e0ef9.dynamic.6ca6e876.edu.hmsk	I followed the conversation
1394040837872	Trigger!Mibbit@73942cf4.dhcp.gwnt.ga.4e125616.com.hmsk	she told you.. and yet you were compeletly oblivios
1394040847259	erinn!erinn@d97e0ef9.dynamic.6ca6e876.edu.hmsk	Aradia never gave me a hint or the answer!
1394040855660	erinn!erinn@d97e0ef9.dynamic.6ca6e876.edu.hmsk	She did not tell me!
1394040863839	Trigger!Mibbit@73942cf4.dhcp.gwnt.ga.4e125616.com.hmsk	[23:33] <@erinn> Why are you being so mean to me? [23:33] <@Trigger{V}> im not [23:33] <@Trigger{V}> its right there in black and white [23:33] <@Trigger{V}> she said she gave you the answer [23:34] <@Trigger{V}> Why cant you function erinn? [23:34] <@erinn> So you trust her more than me? [23:34] <@Trigger{V}> What is going on with you? [23:34] <@erinn> I don
1394040874651	erinn!erinn@d97e0ef9.dynamic.6ca6e876.edu.hmsk	What proof do you have that she told me?
1394040889324	Trigger!Mibbit@73942cf4.dhcp.gwnt.ga.4e125616.com.hmsk	so now everyone else is lying to you erinn?
1394040896267	erinn!erinn@d97e0ef9.dynamic.6ca6e876.edu.hmsk	No
1394040928517	Trigger!Mibbit@73942cf4.dhcp.gwnt.ga.4e125616.com.hmsk	You asked for logs.. I have pleanty of logs. Shall I find more?
1394040949878	erinn!erinn@d97e0ef9.dynamic.6ca6e876.edu.hmsk	Yes, and I shall defend every one!
1394040987232	erinn!erinn@d97e0ef9.dynamic.6ca6e876.edu.hmsk	Trigg: I know your going through a hard time
1394040988939	Trigger!Mibbit@73942cf4.dhcp.gwnt.ga.4e125616.com.hmsk	[22:59] <@Trigger> so. naomi is worried that i saw what she was doing with you, via teamviewer, and she is nervous about me finding out about something. [23:00] <@erinn> I miss her [23:00] <@Trigger> miss who? [23:00] <@erinn> We where having fun together [23:01] <@Trigger> were? [23:01] <@Trigger> still are according to her [23:02] <@erinn> I miss Naomi
1394041031804	Trigger!Mibbit@73942cf4.dhcp.gwnt.ga.4e125616.com.hmsk	I give up
1394041034104	Trigger!Mibbit@73942cf4.dhcp.gwnt.ga.4e125616.com.hmsk	Good bye
1394041036429	Trigger!Mibbit@73942cf4.dhcp.gwnt.ga.4e125616.com.hmsk	Parted: 
1394041142294	erinn!erinn@d97e0ef9.dynamic.6ca6e876.edu.hmsk	So, what is the problem?
1394041159572	erinn!erinn@d97e0ef9.dynamic.6ca6e876.edu.hmsk	What is it that we are trying to solve?
1394041165536	LadyBlackheart!Hellena@Witches.chant.chant.chant	basically hes worried  naomi has mind tricked you  
1394041174445	LadyBlackheart!Hellena@Witches.chant.chant.chant	she is after all tryign to take   you from trig 
1394041180266	LadyBlackheart!Hellena@Witches.chant.chant.chant	sound familiar?
1394041185459	erinn!erinn@d97e0ef9.dynamic.6ca6e876.edu.hmsk	No, that's not the problem
1394041202752	erinn!erinn@d97e0ef9.dynamic.6ca6e876.edu.hmsk	That is just a consequence of the problem
1394041221242	LadyBlackheart!Hellena@Witches.chant.chant.chant	then i too anm at a loss i do not know what is in triggs mind 
1394041226802	LadyBlackheart!Hellena@Witches.chant.chant.chant	but soemthing here 
1394041233495	LadyBlackheart!Hellena@Witches.chant.chant.chant	has  excited  the situatin 
1394041237454	LadyBlackheart!Hellena@Witches.chant.chant.chant	situation  
1394041241142	LadyBlackheart!Hellena@Witches.chant.chant.chant	wouldnt you agree?
1394041258183	erinn!erinn@d97e0ef9.dynamic.6ca6e876.edu.hmsk	Yea, it seems to have started with Risa
1394041277112	LadyBlackheart!Hellena@Witches.chant.chant.chant	or  more to the point 
1394041279925	LadyBlackheart!Hellena@Witches.chant.chant.chant	beth nicole
1394041312621	erinn!erinn@d97e0ef9.dynamic.6ca6e876.edu.hmsk	What makes you say that?
1394041342854	LadyBlackheart!Hellena@Witches.chant.chant.chant	beth was the first  one he  submitted to in pvt 
1394041347037	LadyBlackheart!Hellena@Witches.chant.chant.chant	followed by others 
1394041351176	LadyBlackheart!Hellena@Witches.chant.chant.chant	then  risa..
1394041356733	LadyBlackheart!Hellena@Witches.chant.chant.chant	lady  Rissa 
1394041358506	erinn!erinn@d97e0ef9.dynamic.6ca6e876.edu.hmsk	Trigg seemed fine until Risa "unlocked his inner sub"
1394041359823	LadyBlackheart!Hellena@Witches.chant.chant.chant	in bondage.. 
1394041370224	LadyBlackheart!Hellena@Witches.chant.chant.chant	then  Pamala in   adulthypnotics.  
1394041379353	erinn!erinn@d97e0ef9.dynamic.6ca6e876.edu.hmsk	No, Risa is Aradia's alter ego
1394041382087	LadyBlackheart!Hellena@Witches.chant.chant.chant	and finally   AradiaI   and   me
1394041391604	LadyBlackheart!Hellena@Witches.chant.chant.chant	its the inner sub that hes struggling with 
1394041397348	erinn!erinn@d97e0ef9.dynamic.6ca6e876.edu.hmsk	Yea
1394041409120	LadyBlackheart!Hellena@Witches.chant.chant.chant	andthe problem   current is 
1394041412227	LadyBlackheart!Hellena@Witches.chant.chant.chant	paranoia
1394041416193	erinn!erinn@d97e0ef9.dynamic.6ca6e876.edu.hmsk	When did this start?
1394041420662	LadyBlackheart!Hellena@Witches.chant.chant.chant	and the fact that ronica ..
1394041428570	LadyBlackheart!Hellena@Witches.chant.chant.chant	saw the  conversation with you 
1394041432757	LadyBlackheart!Hellena@Witches.chant.chant.chant	about him submitting to me 
1394041435724	LadyBlackheart!Hellena@Witches.chant.chant.chant	and freaked out
1394041446677	LadyBlackheart!Hellena@Witches.chant.chant.chant	are we al up to date?
1394041452296	erinn!erinn@d97e0ef9.dynamic.6ca6e876.edu.hmsk	I don't think paranoia is the problem, again that is a consequence 
1394041485331	erinn!erinn@d97e0ef9.dynamic.6ca6e876.edu.hmsk	I think that he is depressed
1394041497352	erinn!erinn@d97e0ef9.dynamic.6ca6e876.edu.hmsk	That might be the problem
1394041500881	LadyBlackheart!Hellena@Witches.chant.chant.chant	yes and about to be single
1394041544483	erinn!erinn@d97e0ef9.dynamic.6ca6e876.edu.hmsk	I hope that his wife can understand his situation
1394041561634	erinn!erinn@d97e0ef9.dynamic.6ca6e876.edu.hmsk	She is really the only one who can help him
1394041583832	LadyBlackheart!Hellena@Witches.chant.chant.chant	yes  they dnt work they havent had sex in   9 months  .   and she keeps washing his panties with  cum oin them and finding his logs of cyber submission 
1394041609622	erinn!erinn@d97e0ef9.dynamic.6ca6e876.edu.hmsk	Why did they get married then?
1394041652367	erinn!erinn@d97e0ef9.dynamic.6ca6e876.edu.hmsk	I still think they need to see a marriage councilor, or at Lear trigg needs to see a therapist
1394041678185	LadyBlackheart!Hellena@Witches.chant.chant.chant	i agree with both of your conclusions 
1394041687648	LadyBlackheart!Hellena@Witches.chant.chant.chant	how do you think we should proceed?
1394041695442	LadyBlackheart!Hellena@Witches.chant.chant.chant	 i cant go into his room hes still got me banned 
1394041734645	Naomi{AR}!IceChat7@c1862bb.hlrn.de83b96b.net.hmsk	wtf
1394041750121	LadyBlackheart!Hellena@Witches.chant.chant.chant	lnguage will cost you a whipping slave 
1394041754143	LadyBlackheart!Hellena@Witches.chant.chant.chant	mind your tongue 
1394041758785	erinn!erinn@d97e0ef9.dynamic.6ca6e876.edu.hmsk	I can't unban you or trigg will get suspicious
1394041769818	LadyBlackheart!Hellena@Witches.chant.chant.chant	i dont want you too
1394041780099	LadyBlackheart!Hellena@Witches.chant.chant.chant	i want you to talk to him and his mistress
1394041783627	Naomi{AR}!IceChat7@c1862bb.hlrn.de83b96b.net.hmsk	i must have had fun last night xD
1394041784283	LadyBlackheart!Hellena@Witches.chant.chant.chant	come to an agreement 
1394041788507	LadyBlackheart!Hellena@Witches.chant.chant.chant	and inform  naomi 
1394041805023	LadyBlackheart!Hellena@Witches.chant.chant.chant	while  she still belongs to me  i`ll know  what is to be done 
1394041809833	LadyBlackheart!Hellena@Witches.chant.chant.chant	clear enough ?
1394041822921	LadyBlackheart!Hellena@Witches.chant.chant.chant	I am glad we had this diuscussion 
1394041832928	LadyBlackheart!Hellena@Witches.chant.chant.chant	I wish for peace 
1394041842798	LadyBlackheart!Hellena@Witches.chant.chant.chant	see to it  i get what i wish for 
1394041850938	LadyBlackheart!Hellena@Witches.chant.chant.chant	Parted: 
1394042585422	erinn!erinn@d97e0ef9.dynamic.6ca6e876.edu.hmsk	Joined
1394046844461	LadyBlackheart!Hellena@Witches.chant.chant.chant	Joined
1394046853827	LadyBlackheart!Hellena@Witches.chant.chant.chant	<Trigger> perhaps. But I am not doing this hun.
1394046854106	LadyBlackheart!Hellena@Witches.chant.chant.chant	<LadyBlackheart> yes  you are  craig 
1394046854107	LadyBlackheart!Hellena@Witches.chant.chant.chant	<Trigger> Explain how?
1394046854107	LadyBlackheart!Hellena@Witches.chant.chant.chant	<LadyBlackheart> because all roads i this drama  infested  bs  lead to you 
1394046854107	LadyBlackheart!Hellena@Witches.chant.chant.chant	<LadyBlackheart> your trances 
1394046854744	LadyBlackheart!Hellena@Witches.chant.chant.chant	<LadyBlackheart> your struggle for submission 
1394046855023	LadyBlackheart!Hellena@Witches.chant.chant.chant	<LadyBlackheart> your marriage  
1394046855816	LadyBlackheart!Hellena@Witches.chant.chant.chant	<LadyBlackheart> ( thats a joke btw) 
1394046856095	LadyBlackheart!Hellena@Witches.chant.chant.chant	<LadyBlackheart> your colars 
1394046856873	LadyBlackheart!Hellena@Witches.chant.chant.chant	<LadyBlackheart> your relationships 
1394046857151	LadyBlackheart!Hellena@Witches.chant.chant.chant	<LadyBlackheart> your   promises  to keep things pvt
1394046857792	LadyBlackheart!Hellena@Witches.chant.chant.chant	<LadyBlackheart> yoru willing ness to share them  with ANYONE
1394046858072	LadyBlackheart!Hellena@Witches.chant.chant.chant	<LadyBlackheart> do i need to go on ?
1394046858695	LadyBlackheart!Hellena@Witches.chant.chant.chant	<LadyBlackheart> paranoia..   
1394046870570	LadyBlackheart!Hellena@Witches.chant.chant.chant	just to make sure you understand i dont liek hidden secrets  ..  
1394046874887	LadyBlackheart!Hellena@Witches.chant.chant.chant	that includes those 
1394046882524	LadyBlackheart!Hellena@Witches.chant.chant.chant	who  post  our pvt  conversations 
1394046899916	LadyBlackheart!Hellena@Witches.chant.chant.chant	so now you know what was said 
1394046910804	LadyBlackheart!Hellena@Witches.chant.chant.chant	take care erinn
1394046926930	LadyBlackheart!Hellena@Witches.chant.chant.chant	Parted: 
1394058254443	erinn!erinn@ed802bf7.dynamic2.6ca6e876.edu.hmsk	Joined
1394063198850	Naomi{LBH}!IceChat7@c1862bb.hlrn.de83b96b.net.hmsk	Joined
1394073212476	erinn!erinn@8a267983.dynamic2.6ca6e876.edu.hmsk	Joined
1394073568103	Naomi{LBH}!IceChat7@c1862bb.hlrn.de83b96b.net.hmsk	http://www.justanimedubbed.tv/gurren-lagann-episode-10/
1394073572206	Naomi{LBH}!IceChat7@c1862bb.hlrn.de83b96b.net.hmsk	opps
1394073578894	Naomi{LBH}!IceChat7@c1862bb.hlrn.de83b96b.net.hmsk	hi :P
1394073605408	erinn!erinn@8a267983.dynamic2.6ca6e876.edu.hmsk	Oops?
1394073613959	Naomi{LBH}!IceChat7@c1862bb.hlrn.de83b96b.net.hmsk	i hit paste
1394073701324	erinn!erinn@8a267983.dynamic2.6ca6e876.edu.hmsk	Ctrl-v?
1394073880866	Naomi{LBH}!IceChat7@c1862bb.hlrn.de83b96b.net.hmsk	yeah
1394074025172	erinn!erinn@8a267983.dynamic2.6ca6e876.edu.hmsk	How's your day going?
1394074121677	Naomi{LBH}!IceChat7@c1862bb.hlrn.de83b96b.net.hmsk	good
1394074129989	Naomi{LBH}!IceChat7@c1862bb.hlrn.de83b96b.net.hmsk	watching gurren lagann
1394074147060	erinn!erinn@8a267983.dynamic2.6ca6e876.edu.hmsk	What's that?
1394074420050	Naomi{LBH}!IceChat7@c1862bb.hlrn.de83b96b.net.hmsk	a anime :)
1394074441410	erinn!erinn@8a267983.dynamic2.6ca6e876.edu.hmsk	Ah
1394074875884	erinn!erinn@8a267983.dynamic2.6ca6e876.edu.hmsk	Is it good?
1394075137344	Naomi{LBH}!IceChat7@c1862bb.hlrn.de83b96b.net.hmsk	yeah it rocks :P
1394075190371	erinn!erinn@8a267983.dynamic2.6ca6e876.edu.hmsk	Have you seen Steins;Gate?
1394075201297	Naomi{LBH}!IceChat7@c1862bb.hlrn.de83b96b.net.hmsk	no not yet
1394075234171	Naomi{LBH}!IceChat7@c1862bb.hlrn.de83b96b.net.hmsk	me and blacksheep are cuddling and watching gurren lagann.. i got him into it
1394075245083	Naomi{LBH}!IceChat7@c1862bb.hlrn.de83b96b.net.hmsk	i love gurren lagann my all time fav anime
1394075249710	erinn!erinn@8a267983.dynamic2.6ca6e876.edu.hmsk	Seems legit
1394075264863	erinn!erinn@8a267983.dynamic2.6ca6e876.edu.hmsk	I really enjoy Steins;Gate
1394076041340	Naomi{LBH}!IceChat7@c1862bb.hlrn.de83b96b.net.hmsk	:P
1394077039807	Naomi{LBH}!IceChat7@c1862bb.hlrn.de83b96b.net.hmsk	https://www.youtube.com/watch?v=RKe3kzz79kQ
1394077044687	Naomi{LBH}!IceChat7@c1862bb.hlrn.de83b96b.net.hmsk	that!
1394077160691	erinn!erinn@8a267983.dynamic2.6ca6e876.edu.hmsk	You showed me that :P 
1394077530299	Naomi{LBH}!IceChat7@c1862bb.hlrn.de83b96b.net.hmsk	i fucking love that song 0.0
1394077634785	erinn!erinn@8a267983.dynamic2.6ca6e876.edu.hmsk	Is blacksheep physically with you?
1394077913288	Naomi{LBH}!IceChat7@c1862bb.hlrn.de83b96b.net.hmsk	no.. :(
1394078060357	erinn!erinn@8a267983.dynamic2.6ca6e876.edu.hmsk	Where are you two located?  I'm in NY
1394078097322	Naomi{LBH}!IceChat7@c1862bb.hlrn.de83b96b.net.hmsk	he is in the uk... i am in colorado
1394078163329	erinn!erinn@8a267983.dynamic2.6ca6e876.edu.hmsk	Ah, have you two ever met in person?
1394078176874	Naomi{LBH}!IceChat7@c1862bb.hlrn.de83b96b.net.hmsk	......
1394078183835	Naomi{LBH}!IceChat7@c1862bb.hlrn.de83b96b.net.hmsk	let us not talk about this ok?
1394078206859	erinn!erinn@8a267983.dynamic2.6ca6e876.edu.hmsk	I'd like to meet you someday :)
1394078207267	Naomi{LBH}!IceChat7@c1862bb.hlrn.de83b96b.net.hmsk	....
1394078224852	Naomi{LBH}!IceChat7@c1862bb.hlrn.de83b96b.net.hmsk	only because i am some magick person who is a lunatic
1394078225835	Naomi{LBH}!IceChat7@c1862bb.hlrn.de83b96b.net.hmsk	XD
1394078250617	erinn!erinn@8a267983.dynamic2.6ca6e876.edu.hmsk	No, because you are a wonderful person
1394078334500	Naomi{LBH}!IceChat7@c1862bb.hlrn.de83b96b.net.hmsk	thank you..
1394078372402	Naomi{LBH}!IceChat7@c1862bb.hlrn.de83b96b.net.hmsk	me and sheep just had the nightly cry together... and yes the internet counts as together whan you are both in the same room
1394078376408	erinn!erinn@8a267983.dynamic2.6ca6e876.edu.hmsk	It's true
1394078387620	erinn!erinn@8a267983.dynamic2.6ca6e876.edu.hmsk	I agree
1394078399467	erinn!erinn@8a267983.dynamic2.6ca6e876.edu.hmsk	Why are you guys crying?
1394078502342	Naomi{LBH}!IceChat7@c1862bb.hlrn.de83b96b.net.hmsk	....
1394078511230	Naomi{LBH}!IceChat7@c1862bb.hlrn.de83b96b.net.hmsk	meh
1394078516600	Naomi{LBH}!IceChat7@c1862bb.hlrn.de83b96b.net.hmsk	you dont want to know...
1394078521947	erinn!erinn@8a267983.dynamic2.6ca6e876.edu.hmsk	I do
1394078531870	erinn!erinn@8a267983.dynamic2.6ca6e876.edu.hmsk	I really care for you
1394078546845	Naomi{LBH}!IceChat7@c1862bb.hlrn.de83b96b.net.hmsk	because we oth know there is no chance in hell for either of us to ever touch...
1394078568310	Naomi{LBH}!IceChat7@c1862bb.hlrn.de83b96b.net.hmsk	and i set him off by mentioning how i often find my thoughts drifting in that direction...
1394078583983	Naomi{LBH}!IceChat7@c1862bb.hlrn.de83b96b.net.hmsk	and he admitted the same thoughts...
1394078591251	Naomi{LBH}!IceChat7@c1862bb.hlrn.de83b96b.net.hmsk	so yeah
1394078597926	Naomi{LBH}!IceChat7@c1862bb.hlrn.de83b96b.net.hmsk	its kinda a sad dull pain...
1394078606094	Naomi{LBH}!IceChat7@c1862bb.hlrn.de83b96b.net.hmsk	...
1394078616341	Naomi{LBH}!IceChat7@c1862bb.hlrn.de83b96b.net.hmsk	i told you that you did not wish to hear it...
1394078623485	erinn!erinn@8a267983.dynamic2.6ca6e876.edu.hmsk	What a coincidence I asked O.O 
1394078638037	erinn!erinn@8a267983.dynamic2.6ca6e876.edu.hmsk	I am really glad you told me
1394078658480	Naomi{LBH}!IceChat7@c1862bb.hlrn.de83b96b.net.hmsk	we both want to be something we cannot..
1394078662753	Naomi{LBH}!IceChat7@c1862bb.hlrn.de83b96b.net.hmsk	thus why we are crying
1394078676886	erinn!erinn@8a267983.dynamic2.6ca6e876.edu.hmsk	What's your opinion on coincidences?
1394078758890	Naomi{LBH}!IceChat7@c1862bb.hlrn.de83b96b.net.hmsk	that everything is connected yet seperate...
1394078770490	Naomi{LBH}!IceChat7@c1862bb.hlrn.de83b96b.net.hmsk	that coincidences do happen but they are very rare
1394078795187	Naomi{LBH}!IceChat7@c1862bb.hlrn.de83b96b.net.hmsk	why do you think this is a coincidence?
1394078800813	erinn!erinn@8a267983.dynamic2.6ca6e876.edu.hmsk	Really, what are the odds that I'd ask about what I did and it being a relevant topic!
1394078847953	erinn!erinn@8a267983.dynamic2.6ca6e876.edu.hmsk	Cause I asked about you guys physically, and you where crying about it while I asked
1394078859099	Naomi{LBH}!IceChat7@c1862bb.hlrn.de83b96b.net.hmsk	yes very true...
1394078869372	Naomi{LBH}!IceChat7@c1862bb.hlrn.de83b96b.net.hmsk	i wish i could manifest my wings and fly...
1394078879598	Naomi{LBH}!IceChat7@c1862bb.hlrn.de83b96b.net.hmsk	throwing me in this body was a cruel punishment
1394078921265	erinn!erinn@8a267983.dynamic2.6ca6e876.edu.hmsk	Maybe you could meet astrally
1394078949828	Naomi{LBH}!IceChat7@c1862bb.hlrn.de83b96b.net.hmsk	...
1394078954182	Naomi{LBH}!IceChat7@c1862bb.hlrn.de83b96b.net.hmsk	its not the same..
1394078976481	erinn!erinn@8a267983.dynamic2.6ca6e876.edu.hmsk	You still have 10 years to meet
1394079015309	erinn!erinn@8a267983.dynamic2.6ca6e876.edu.hmsk	Maybe it will come to be :D 
1394079135464	erinn!erinn@8a267983.dynamic2.6ca6e876.edu.hmsk	You know I still want to learn more magick :)
1394079162814	Naomi{LBH}!IceChat7@c1862bb.hlrn.de83b96b.net.hmsk	you already know magick
1394079185674	erinn!erinn@8a267983.dynamic2.6ca6e876.edu.hmsk	I want to know more
1394079197466	erinn!erinn@8a267983.dynamic2.6ca6e876.edu.hmsk	I only know the basics
1394079340294	erinn!erinn@8a267983.dynamic2.6ca6e876.edu.hmsk	Even just chatting about magick is fun :)
1394079361585	Naomi{LBH}!IceChat7@c1862bb.hlrn.de83b96b.net.hmsk	magick that i know is special.. 
1394079371244	Naomi{LBH}!IceChat7@c1862bb.hlrn.de83b96b.net.hmsk	well not really
1394079383265	Naomi{LBH}!IceChat7@c1862bb.hlrn.de83b96b.net.hmsk	but it is still a system i pride myself in creating...
1394079462514	erinn!erinn@8a267983.dynamic2.6ca6e876.edu.hmsk	And I would love to learn your system and incorporate it into my own, since everyone's system is unique
1394079585496	Naomi{LBH}!IceChat7@c1862bb.hlrn.de83b96b.net.hmsk	heh
1394079592266	Naomi{LBH}!IceChat7@c1862bb.hlrn.de83b96b.net.hmsk	i know nothing of magick
1394079636382	erinn!erinn@8a267983.dynamic2.6ca6e876.edu.hmsk	What do you want to call it then?
1394079684776	erinn!erinn@8a267983.dynamic2.6ca6e876.edu.hmsk	I know your smart, I know you know a lot of stuff, I want to hear what you know :)
1394079975392	Naomi{LBH}!IceChat7@c1862bb.hlrn.de83b96b.net.hmsk	i know that the sun is purple and that jesus is a bird
1394079990760	erinn!erinn@8a267983.dynamic2.6ca6e876.edu.hmsk	Seems legit
1394080009128	Naomi{LBH}!IceChat7@c1862bb.hlrn.de83b96b.net.hmsk	XD
1394080036224	erinn!erinn@8a267983.dynamic2.6ca6e876.edu.hmsk	How do you watch anime together?  I'd watch Steins;Gate with you
1394080137937	Naomi{LBH}!IceChat7@c1862bb.hlrn.de83b96b.net.hmsk	we have this code.. we both go to a website share the link to the ep
1394080143921	Naomi{LBH}!IceChat7@c1862bb.hlrn.de83b96b.net.hmsk	i say ready!?
1394080148945	Naomi{LBH}!IceChat7@c1862bb.hlrn.de83b96b.net.hmsk	and he says ready!
1394080153945	Naomi{LBH}!IceChat7@c1862bb.hlrn.de83b96b.net.hmsk	and i say onward..
1394080160450	Naomi{LBH}!IceChat7@c1862bb.hlrn.de83b96b.net.hmsk	on onward we both click play
1394080236510	erinn!erinn@8a267983.dynamic2.6ca6e876.edu.hmsk	Cool
1394080257121	erinn!erinn@8a267983.dynamic2.6ca6e876.edu.hmsk	That's a pretty good idea
1394080289971	Naomi{LBH}!IceChat7@c1862bb.hlrn.de83b96b.net.hmsk	:P yahoo actually used to have a extension...
1394080294610	Naomi{LBH}!IceChat7@c1862bb.hlrn.de83b96b.net.hmsk	to watch videos in synch
1394080369986	erinn!erinn@8a267983.dynamic2.6ca6e876.edu.hmsk	Used to?
1394080393420	Naomi{LBH}!IceChat7@c1862bb.hlrn.de83b96b.net.hmsk	yeah back around 2009-2010
1394080396131	Naomi{LBH}!IceChat7@c1862bb.hlrn.de83b96b.net.hmsk	i think..
1394080398179	Naomi{LBH}!IceChat7@c1862bb.hlrn.de83b96b.net.hmsk	wow
1394080401173	Naomi{LBH}!IceChat7@c1862bb.hlrn.de83b96b.net.hmsk	i am getting old
1394080402261	Naomi{LBH}!IceChat7@c1862bb.hlrn.de83b96b.net.hmsk	x.x
1394080418957	Naomi{LBH}!IceChat7@c1862bb.hlrn.de83b96b.net.hmsk	so do you wish to watch anime with me?
1394080435579	erinn!erinn@8a267983.dynamic2.6ca6e876.edu.hmsk	I think you can stream it using VLC player
1394080456591	erinn!erinn@8a267983.dynamic2.6ca6e876.edu.hmsk	Yea, I would love to sometime :)
1394080467053	Naomi{LBH}!IceChat7@c1862bb.hlrn.de83b96b.net.hmsk	just let me know when..
1394080471774	Naomi{LBH}!IceChat7@c1862bb.hlrn.de83b96b.net.hmsk	i am avaliable
1394080478902	Naomi{LBH}!IceChat7@c1862bb.hlrn.de83b96b.net.hmsk	i am avaliable no
1394080482941	Naomi{LBH}!IceChat7@c1862bb.hlrn.de83b96b.net.hmsk	now*
1394080491114	erinn!erinn@8a267983.dynamic2.6ca6e876.edu.hmsk	I'm tired :P 
1394080503724	erinn!erinn@8a267983.dynamic2.6ca6e876.edu.hmsk	Maybe tomorrow
1394080541829	Naomi{LBH}!IceChat7@c1862bb.hlrn.de83b96b.net.hmsk	alright
1394080725345	erinn!erinn@8a267983.dynamic2.6ca6e876.edu.hmsk	I am heading to bed
1394080731752	erinn!erinn@8a267983.dynamic2.6ca6e876.edu.hmsk	Goodnight :)
1394080752344	erinn!erinn@8a267983.dynamic2.6ca6e876.edu.hmsk	Always wonderful chatting with you
1394081116228	Naomi{LBH}!IceChat7@c1862bb.hlrn.de83b96b.net.hmsk	night
1394081127578	erinn!erinn@8a267983.dynamic2.6ca6e876.edu.hmsk	Night
1394116646563	LadyBlackheart!Hellena@Witches.chant.chant.chant	Joined
1394116659173	LadyBlackheart!Hellena@Witches.chant.chant.chant	Parted: 
1394137401503	erinn!erinn@8a267983.dynamic2.6ca6e876.edu.hmsk	Joined
1394150395196	Trigger{V}!Mibbit@73942cf4.dhcp.gwnt.ga.4e125616.com.hmsk	Joined
1394166464824	erinn!erinn@8a267983.dynamic2.6ca6e876.edu.hmsk	Joined
1394166570541	erinn!erinn@8a267983.dynamic2.6ca6e876.edu.hmsk	Joined
1394166668806	Trigger{V}!Mibbit@73942cf4.dhcp.gwnt.ga.4e125616.com.hmsk	maybe i shouldnt hugg you again
1394166703042	erinn!erinn@8a267983.dynamic2.6ca6e876.edu.hmsk	Why not?
1394166733822	Trigger{V}!Mibbit@73942cf4.dhcp.gwnt.ga.4e125616.com.hmsk	cause it made you *poof*
1394166763195	Trigger{V}!Mibbit@73942cf4.dhcp.gwnt.ga.4e125616.com.hmsk	hehehe
1394166983177	Trigger{V}!Mibbit@73942cf4.dhcp.gwnt.ga.4e125616.com.hmsk	so how was school today?
1394167147960	erinn!erinn@8a267983.dynamic2.6ca6e876.edu.hmsk	Boring
1394167154997	erinn!erinn@8a267983.dynamic2.6ca6e876.edu.hmsk	How was werk?
1394167263728	Trigger{V}!Mibbit@73942cf4.dhcp.gwnt.ga.4e125616.com.hmsk	boring
1394167293925	erinn!erinn@8a267983.dynamic2.6ca6e876.edu.hmsk	Sounds familiar
1394167305682	Trigger{V}!Mibbit@73942cf4.dhcp.gwnt.ga.4e125616.com.hmsk	lol
1394167348164	erinn!erinn@8a267983.dynamic2.6ca6e876.edu.hmsk	I gots a lot if hair in my face :P 
1394167384387	Trigger{V}!Mibbit@73942cf4.dhcp.gwnt.ga.4e125616.com.hmsk	huh?
1394167424424	erinn!erinn@8a267983.dynamic2.6ca6e876.edu.hmsk	My hair was all messy today :P 
1394167433963	Trigger{V}!Mibbit@73942cf4.dhcp.gwnt.ga.4e125616.com.hmsk	ahh
1394167436586	Trigger{V}!Mibbit@73942cf4.dhcp.gwnt.ga.4e125616.com.hmsk	why?
1394167517420	erinn!erinn@8a267983.dynamic2.6ca6e876.edu.hmsk	Maybe I slept funny?
1394167543990	Trigger{V}!Mibbit@73942cf4.dhcp.gwnt.ga.4e125616.com.hmsk	hehehe
1394167550106	Trigger{V}!Mibbit@73942cf4.dhcp.gwnt.ga.4e125616.com.hmsk	do tell?
1394167579899	erinn!erinn@8a267983.dynamic2.6ca6e876.edu.hmsk	That's really it
1394167679448	erinn!erinn@8a267983.dynamic2.6ca6e876.edu.hmsk	My shirt felt funny too
1394167739857	Trigger{V}!Mibbit@73942cf4.dhcp.gwnt.ga.4e125616.com.hmsk	why hun?
1394167756798	erinn!erinn@8a267983.dynamic2.6ca6e876.edu.hmsk	Idk, it just kinda fit funny
1394167766871	Trigger{V}!Mibbit@73942cf4.dhcp.gwnt.ga.4e125616.com.hmsk	too tight?
1394167850044	erinn!erinn@8a267983.dynamic2.6ca6e876.edu.hmsk	No, it was the right size
1394167880324	Trigger{V}!Mibbit@73942cf4.dhcp.gwnt.ga.4e125616.com.hmsk	Then i am confused
1394167977028	erinn!erinn@8a267983.dynamic2.6ca6e876.edu.hmsk	Me too, it wasn't too big or too small, just not right, idk
1394168135555	Trigger{V}!Mibbit@73942cf4.dhcp.gwnt.ga.4e125616.com.hmsk	maybe it was for the wrong gender?
1394168209904	erinn!erinn@8a267983.dynamic2.6ca6e876.edu.hmsk	Maybe
1394168229894	Trigger{V}!Mibbit@73942cf4.dhcp.gwnt.ga.4e125616.com.hmsk	I need to get to bed
1394168255548	erinn!erinn@8a267983.dynamic2.6ca6e876.edu.hmsk	I misses you
1394168255828	Trigger{V}!Mibbit@73942cf4.dhcp.gwnt.ga.4e125616.com.hmsk	docile will be coming back as traci
1394168265522	erinn!erinn@8a267983.dynamic2.6ca6e876.edu.hmsk	Yay, I missed traci :)
1394168295367	Trigger{V}!Mibbit@73942cf4.dhcp.gwnt.ga.4e125616.com.hmsk	I .. tranced with her tonight on yahoo
1394168314443	erinn!erinn@8a267983.dynamic2.6ca6e876.edu.hmsk	Cool
1394168341386	Trigger{V}!Mibbit@73942cf4.dhcp.gwnt.ga.4e125616.com.hmsk	she wanted me to bring her back
1394168345181	Trigger{V}!Mibbit@73942cf4.dhcp.gwnt.ga.4e125616.com.hmsk	so i did
1394168473302	erinn!erinn@8a267983.dynamic2.6ca6e876.edu.hmsk	Yay
1394168490661	erinn!erinn@8a267983.dynamic2.6ca6e876.edu.hmsk	Now we just need foxy and aristoth :)
1394168625894	erinn!erinn@8a267983.dynamic2.6ca6e876.edu.hmsk	Now I'm bored again :(
1394207214853	Trigg!Trigg@6ca5f0c1.6ca5f05e.174.141.imsk	Joined
1394223943156	Trigger!Mibbit@73942cf4.dhcp.gwnt.ga.4e125616.com.hmsk	Joined
1394230099842	erinn!erinn@8a267983.dynamic2.6ca6e876.edu.hmsk	Joined
1394245899387	Trigger!Mibbit@73942cf4.dhcp.gwnt.ga.4e125616.com.hmsk	Joined
1394320142550	ErinnBot!PircBotX@4816385f.dyn.2cba2d11.net.hmsk	Joined
1394320142841	GLaDOS!GLaDOS@services.sorcery.net	Joined
1394320142842	GLaDOS!GLaDOS@services.sorcery.net	Erinn's room: A wonderful place for anyone to join and be friendly with everyone :D
1394330590030	erinn!erinn@4816385f.dyn.2cba2d11.net.hmsk	Joined